Using pre-set license
Built from '2021.3/staging' branch; Version is '2021.3.26f1 (a16dc32e0ff2) revision 10579395'; Using compiler version '192829333'; Build Type 'Release'
OS: 'Windows 11  (10.0.22621) 64bit Professional' Language: 'en' Physical Memory: 32534 MB
BatchMode: 1, IsHumanControllingUs: 0, StartBugReporterOnCrash: 0, Is64bit: 1, IsPro: 1

COMMAND LINE ARGUMENTS:
C:\Program Files\Unity\Hub\Editor\2021.3.26f1\Editor\Unity.exe
-adb2
-batchMode
-noUpm
-name
AssetImportWorker3
-projectPath
C:/Users/dumit/OneDrive/Desktop/Projects/ECM2V.Pe4-URP/UNITY.ECM2V.Pe-URP
-logFile
Logs/AssetImportWorker3.log
-srvPort
50725
Successfully changed project path to: C:/Users/dumit/OneDrive/Desktop/Projects/ECM2V.Pe4-URP/UNITY.ECM2V.Pe-URP
C:/Users/dumit/OneDrive/Desktop/Projects/ECM2V.Pe4-URP/UNITY.ECM2V.Pe-URP
[UnityMemory] Configuration Parameters - Can be set up in boot.config
    "memorysetup-bucket-allocator-granularity=16"
    "memorysetup-bucket-allocator-bucket-count=8"
    "memorysetup-bucket-allocator-block-size=33554432"
    "memorysetup-bucket-allocator-block-count=8"
    "memorysetup-main-allocator-block-size=16777216"
    "memorysetup-thread-allocator-block-size=16777216"
    "memorysetup-gfx-main-allocator-block-size=16777216"
    "memorysetup-gfx-thread-allocator-block-size=16777216"
    "memorysetup-cache-allocator-block-size=4194304"
    "memorysetup-typetree-allocator-block-size=2097152"
    "memorysetup-profiler-bucket-allocator-granularity=16"
    "memorysetup-profiler-bucket-allocator-bucket-count=8"
    "memorysetup-profiler-bucket-allocator-block-size=33554432"
    "memorysetup-profiler-bucket-allocator-block-count=8"
    "memorysetup-profiler-allocator-block-size=16777216"
    "memorysetup-profiler-editor-allocator-block-size=1048576"
    "memorysetup-temp-allocator-size-main=16777216"
    "memorysetup-job-temp-allocator-block-size=2097152"
    "memorysetup-job-temp-allocator-block-size-background=1048576"
    "memorysetup-job-temp-allocator-reduction-small-platforms=262144"
    "memorysetup-temp-allocator-size-background-worker=32768"
    "memorysetup-temp-allocator-size-job-worker=262144"
    "memorysetup-temp-allocator-size-preload-manager=33554432"
    "memorysetup-temp-allocator-size-nav-mesh-worker=65536"
    "memorysetup-temp-allocator-size-audio-worker=65536"
    "memorysetup-temp-allocator-size-cloud-worker=32768"
    "memorysetup-temp-allocator-size-gi-baking-worker=262144"
    "memorysetup-temp-allocator-size-gfx=262144"
Player connection [424] Host "[IP] 172.21.0.1 [Port] 0 [Flags] 2 [Guid] 1994429554 [EditorId] 1994429554 [Version] 1048832 [Id] WindowsEditor(7,AMDumi) [Debug] 1 [PackageName] WindowsEditor [ProjectName] Editor" joined multi-casting on [225.0.0.222:54997]...

Player connection [424] Host "[IP] 172.21.0.1 [Port] 0 [Flags] 2 [Guid] 1994429554 [EditorId] 1994429554 [Version] 1048832 [Id] WindowsEditor(7,AMDumi) [Debug] 1 [PackageName] WindowsEditor [ProjectName] Editor" joined alternative multi-casting on [225.0.0.222:34997]...

Refreshing native plugins compatible for Editor in 121.13 ms, found 3 plugins.
Preloading 0 native plugins for Editor in 0.00 ms.
Initialize engine version: 2021.3.26f1 (a16dc32e0ff2)
[Subsystems] Discovering subsystems at path C:/Program Files/Unity/Hub/Editor/2021.3.26f1/Editor/Data/Resources/UnitySubsystems
[Subsystems] Discovering subsystems at path C:/Users/dumit/OneDrive/Desktop/Projects/ECM2V.Pe4-URP/UNITY.ECM2V.Pe-URP/Assets
GfxDevice: creating device client; threaded=0; jobified=0
Direct3D:
    Version:  Direct3D 11.0 [level 11.1]
    Renderer: NVIDIA GeForce RTX 3070 Laptop GPU (ID=0x24dd)
    Vendor:   NVIDIA
    VRAM:     8033 MB
    Driver:   31.0.15.3203
Initialize mono
Mono path[0] = 'C:/Program Files/Unity/Hub/Editor/2021.3.26f1/Editor/Data/Managed'
Mono path[1] = 'C:/Program Files/Unity/Hub/Editor/2021.3.26f1/Editor/Data/MonoBleedingEdge/lib/mono/unityjit-win32'
Mono config path = 'C:/Program Files/Unity/Hub/Editor/2021.3.26f1/Editor/Data/MonoBleedingEdge/etc'
Using monoOptions --debugger-agent=transport=dt_socket,embedding=1,server=y,suspend=n,address=127.0.0.1:56676
Begin MonoManager ReloadAssembly
Registering precompiled unity dll's ...
Register platform support module: C:/Program Files/Unity/Hub/Editor/2021.3.26f1/Editor/Data/PlaybackEngines/WindowsStandaloneSupport/UnityEditor.WindowsStandalone.Extensions.dll
Registered in 0.012462 seconds.
Native extension for WindowsStandalone target not found
Refreshing native plugins compatible for Editor in 126.00 ms, found 3 plugins.
Preloading 0 native plugins for Editor in 0.00 ms.
Mono: successfully reloaded assembly
- Completed reload, in  0.892 seconds
Domain Reload Profiling:
	ReloadAssembly (892ms)
		BeginReloadAssembly (111ms)
			ExecutionOrderSort (0ms)
			DisableScriptedObjects (0ms)
			BackupInstance (0ms)
			ReleaseScriptingObjects (0ms)
			CreateAndSetChildDomain (1ms)
		EndReloadAssembly (636ms)
			LoadAssemblies (107ms)
			RebuildTransferFunctionScriptingTraits (0ms)
			SetupTypeCache (141ms)
			ReleaseScriptCaches (0ms)
			RebuildScriptCaches (32ms)
			SetupLoadedEditorAssemblies (397ms)
				LogAssemblyErrors (0ms)
				InitializePlatformSupportModulesInManaged (10ms)
				SetLoadedEditorAssemblies (0ms)
				RefreshPlugins (126ms)
				BeforeProcessingInitializeOnLoad (1ms)
				ProcessInitializeOnLoadAttributes (193ms)
				ProcessInitializeOnLoadMethodAttributes (66ms)
				AfterProcessingInitializeOnLoad (0ms)
				EditorAssembliesLoaded (0ms)
			ExecutionOrderSort2 (0ms)
			AwakeInstancesAfterBackupRestoration (0ms)
Platform modules already initialized, skipping
Registering precompiled user dll's ...
Registered in 0.011335 seconds.
Begin MonoManager ReloadAssembly
Symbol file LoadedFromMemory doesn't match image C:\Users\dumit\OneDrive\Desktop\Projects\ECM2V.Pe4-URP\UNITY.ECM2V.Pe-URP\Library\PackageCache\com.unity.visualscripting@1.8.0\Editor\VisualScripting.Core\Dependencies\YamlDotNet\Unity.VisualScripting.YamlDotNet.dll
Symbol file LoadedFromMemory doesn't match image C:\Users\dumit\OneDrive\Desktop\Projects\ECM2V.Pe4-URP\UNITY.ECM2V.Pe-URP\Library\PackageCache\com.unity.visualscripting@1.8.0\Editor\VisualScripting.Core\Dependencies\DotNetZip\Unity.VisualScripting.IonicZip.dll
Native extension for WindowsStandalone target not found
Refreshing native plugins compatible for Editor in 110.47 ms, found 3 plugins.
Preloading 0 native plugins for Editor in 0.00 ms.
Mono: successfully reloaded assembly
- Completed reload, in  1.445 seconds
Domain Reload Profiling:
	ReloadAssembly (1446ms)
		BeginReloadAssembly (156ms)
			ExecutionOrderSort (0ms)
			DisableScriptedObjects (7ms)
			BackupInstance (0ms)
			ReleaseScriptingObjects (0ms)
			CreateAndSetChildDomain (25ms)
		EndReloadAssembly (1146ms)
			LoadAssemblies (125ms)
			RebuildTransferFunctionScriptingTraits (0ms)
			SetupTypeCache (346ms)
			ReleaseScriptCaches (1ms)
			RebuildScriptCaches (77ms)
			SetupLoadedEditorAssemblies (558ms)
				LogAssemblyErrors (0ms)
				InitializePlatformSupportModulesInManaged (7ms)
				SetLoadedEditorAssemblies (0ms)
				RefreshPlugins (111ms)
				BeforeProcessingInitializeOnLoad (112ms)
				ProcessInitializeOnLoadAttributes (233ms)
				ProcessInitializeOnLoadMethodAttributes (84ms)
				AfterProcessingInitializeOnLoad (12ms)
				EditorAssembliesLoaded (0ms)
			ExecutionOrderSort2 (0ms)
			AwakeInstancesAfterBackupRestoration (9ms)
Platform modules already initialized, skipping
========================================================================
Worker process is ready to serve import requests
Launched and connected shader compiler UnityShaderCompiler.exe after 0.06 seconds
Refreshing native plugins compatible for Editor in 0.71 ms, found 3 plugins.
Preloading 0 native plugins for Editor in 0.00 ms.
Unloading 4775 Unused Serialized files (Serialized files now loaded: 0)
Unloading 28 unused Assets / (347.6 KB). Loaded Objects now: 5235.
Memory consumption went from 194.0 MB to 193.6 MB.
Total: 3.270900 ms (FindLiveObjects: 0.369700 ms CreateObjectMapping: 0.330200 ms MarkObjects: 2.423000 ms  DeleteObjects: 0.147000 ms)

AssetImportParameters requested are different than current active one (requested -> active):
  custom:video-decoder-ogg-theora: a1e56fd34408186e4bbccfd4996cb3dc -> 
  custom:container-muxer-webm: aa71ff27fc2769a1b78a27578f13a17b -> 
  custom:container-demuxer-webm: 4f35f7cbe854078d1ac9338744f61a02 -> 
  custom:video-encoder-webm-vp8: eb34c28f22e8b96e1ab97ce403110664 -> 
  custom:video-codec-MediaFoundation-h265: 746d11721c4dcdbdad8f713fa42b33f4 -> 
  custom:audio-encoder-webm-vorbis: bf7c407c2cedff20999df2af8eb42d56 -> 
  custom:framework-win-MediaFoundation: 216162199b28c13a410421893ffa2e32 -> 
  custom:container-demuxer-ogg: 62fdf1f143b41e24485cea50d1cbac27 -> 
  custom:video-decoder-webm-vp8: 9c59270c3fd7afecdb556c50c9e8de78 -> 
  custom:audio-decoder-ogg-vorbis: bf7c407c2cedff20999df2af8eb42d56 -> 
========================================================================
Received Import Request.
  Time since last request: 20895.525067 seconds.
  path: Assets/materials/735754-pictures-of-blue-backgrounds-2560x1600-full-hd.jpg
  artifactKey: Guid(65ad7efd8b546cc44abbe344e2143d43) Importer(815301076,1909f56bfc062723c751e8b465ee728b)
Start importing Assets/materials/735754-pictures-of-blue-backgrounds-2560x1600-full-hd.jpg using Guid(65ad7efd8b546cc44abbe344e2143d43) Importer(815301076,1909f56bfc062723c751e8b465ee728b)  -> (artifact id: 'd75b2ba007aa5e3508839ba8d21c7021') in 0.169696 seconds 
========================================================================
Received Import Request.
  Time since last request: 0.000040 seconds.
  path: Assets/materials/tent body.mat
  artifactKey: Guid(f84f25fef24beed458c9a4cf3eeb6ede) Importer(815301076,1909f56bfc062723c751e8b465ee728b)
Start importing Assets/materials/tent body.mat using Guid(f84f25fef24beed458c9a4cf3eeb6ede) Importer(815301076,1909f56bfc062723c751e8b465ee728b)  -> (artifact id: '81c040ec024949e94957fa90627b0115') in 0.318373 seconds 
========================================================================
Received Import Request.
  Time since last request: 0.000042 seconds.
  path: Assets/mainmenu assets/cab4d2035b7a4b4af127ee010d72e978116faa0a.jpg
  artifactKey: Guid(ae6c8123a14848141a45d5b87891c15b) Importer(815301076,1909f56bfc062723c751e8b465ee728b)
Start importing Assets/mainmenu assets/cab4d2035b7a4b4af127ee010d72e978116faa0a.jpg using Guid(ae6c8123a14848141a45d5b87891c15b) Importer(815301076,1909f56bfc062723c751e8b465ee728b)  -> (artifact id: 'c4a335632560acee25f01482168eacfb') in 0.154992 seconds 
========================================================================
Received Import Request.
  Time since last request: 0.000018 seconds.
  path: Assets/materials/photo-1593005510329-8a4035a7238f.jpg
  artifactKey: Guid(594176da187e2ed49bb894f3bdac1585) Importer(815301076,1909f56bfc062723c751e8b465ee728b)
Start importing Assets/materials/photo-1593005510329-8a4035a7238f.jpg using Guid(594176da187e2ed49bb894f3bdac1585) Importer(815301076,1909f56bfc062723c751e8b465ee728b)  -> (artifact id: '5045d0b44e7d15bffe95b62ac6822e7d') in 0.009449 seconds 
========================================================================
Received Import Request.
  Time since last request: 0.000029 seconds.
  path: Assets/materials/bucket itself.mat
  artifactKey: Guid(095ea2a7754f46a46920523aeecfde10) Importer(815301076,1909f56bfc062723c751e8b465ee728b)
Start importing Assets/materials/bucket itself.mat using Guid(095ea2a7754f46a46920523aeecfde10) Importer(815301076,1909f56bfc062723c751e8b465ee728b)  -> (artifact id: '74feb9358635abfb873a22411ce9ed72') in 0.015212 seconds 
========================================================================
Received Import Request.
  Time since last request: 0.000045 seconds.
  path: Assets/materials/gates log.mat
  artifactKey: Guid(fbe68643b1462d64d9d669e9ed1fedd4) Importer(815301076,1909f56bfc062723c751e8b465ee728b)
Start importing Assets/materials/gates log.mat using Guid(fbe68643b1462d64d9d669e9ed1fedd4) Importer(815301076,1909f56bfc062723c751e8b465ee728b)  -> (artifact id: '40919cdd913460fffb87e5a00ea82c18') in 0.012864 seconds 
========================================================================
Received Import Request.
  Time since last request: 0.000044 seconds.
  path: Assets/materials/tree base.mat
  artifactKey: Guid(ccfe71180b338a541b490a7ba335ded9) Importer(815301076,1909f56bfc062723c751e8b465ee728b)
Start importing Assets/materials/tree base.mat using Guid(ccfe71180b338a541b490a7ba335ded9) Importer(815301076,1909f56bfc062723c751e8b465ee728b)  -> (artifact id: '454627968cb5506b7aa1e7a32d48fd04') in 0.014150 seconds 
========================================================================
Received Import Request.
  Time since last request: 0.000026 seconds.
  path: Assets/materials/tent mat.mat
  artifactKey: Guid(bc55fcba5d536934b9553cba4070a9e4) Importer(815301076,1909f56bfc062723c751e8b465ee728b)
Start importing Assets/materials/tent mat.mat using Guid(bc55fcba5d536934b9553cba4070a9e4) Importer(815301076,1909f56bfc062723c751e8b465ee728b)  -> (artifact id: '3e37c7b45151b092760e5da7b295f738') in 0.013342 seconds 
========================================================================
Received Import Request.
  Time since last request: 0.000025 seconds.
  path: Assets/materials/tent ground.mat
  artifactKey: Guid(dd81d6a04550c7d419a51465b2165032) Importer(815301076,1909f56bfc062723c751e8b465ee728b)
Start importing Assets/materials/tent ground.mat using Guid(dd81d6a04550c7d419a51465b2165032) Importer(815301076,1909f56bfc062723c751e8b465ee728b)  -> (artifact id: '286e001555b0e74ffcc2b54ee39cc68b') in 0.012631 seconds 
========================================================================
Received Import Request.
  Time since last request: 0.000030 seconds.
  path: Assets/materials/handler.mat
  artifactKey: Guid(67716e49c51aa7949bff09f6e5b78655) Importer(815301076,1909f56bfc062723c751e8b465ee728b)
Start importing Assets/materials/handler.mat using Guid(67716e49c51aa7949bff09f6e5b78655) Importer(815301076,1909f56bfc062723c751e8b465ee728b)  -> (artifact id: '43c7b59daa30e3ab24de464735a8f26e') in 0.013216 seconds 
========================================================================
Received Import Request.
  Time since last request: 0.000027 seconds.
  path: Assets/materials/tent rope.mat
  artifactKey: Guid(58c0d4d6972f2be4ba3cae8663d85da5) Importer(815301076,1909f56bfc062723c751e8b465ee728b)
Start importing Assets/materials/tent rope.mat using Guid(58c0d4d6972f2be4ba3cae8663d85da5) Importer(815301076,1909f56bfc062723c751e8b465ee728b)  -> (artifact id: '65ce9f91776228de5f69cb43fdc59b4b') in 0.014024 seconds 
========================================================================
Received Import Request.
  Time since last request: 0.000024 seconds.
  path: Assets/materials/NewLayer 3.terrainlayer
  artifactKey: Guid(c105e14522d38ac44a251d27c4d13c12) Importer(815301076,1909f56bfc062723c751e8b465ee728b)
Start importing Assets/materials/NewLayer 3.terrainlayer using Guid(c105e14522d38ac44a251d27c4d13c12) Importer(815301076,1909f56bfc062723c751e8b465ee728b)  -> (artifact id: '9c5dac16fc9ada9d967300695401a573') in 0.019029 seconds 
Editor requested this worker to shutdown with reason: Scaling down because of idle timeout
AssetImportWorker is now disconnected from the server
Process exiting
Exiting without the bug reporter. Application will terminate with return code 0