Using pre-set license
Built from '2021.3/staging' branch; Version is '2021.3.26f1 (a16dc32e0ff2) revision 10579395'; Using compiler version '192829333'; Build Type 'Release'
OS: 'Windows 11  (10.0.22621) 64bit Professional' Language: 'en' Physical Memory: 32534 MB
BatchMode: 1, IsHumanControllingUs: 0, StartBugReporterOnCrash: 0, Is64bit: 1, IsPro: 1

COMMAND LINE ARGUMENTS:
C:\Program Files\Unity\Hub\Editor\2021.3.26f1\Editor\Unity.exe
-adb2
-batchMode
-noUpm
-name
AssetImportWorker0
-projectPath
C:/Users/dumit/OneDrive/Desktop/Projects/ECM2V.Pe4-URP/UNITY.ECM2V.Pe-URP
-logFile
Logs/AssetImportWorker0.log
-srvPort
51454
Successfully changed project path to: C:/Users/dumit/OneDrive/Desktop/Projects/ECM2V.Pe4-URP/UNITY.ECM2V.Pe-URP
C:/Users/dumit/OneDrive/Desktop/Projects/ECM2V.Pe4-URP/UNITY.ECM2V.Pe-URP
[UnityMemory] Configuration Parameters - Can be set up in boot.config
    "memorysetup-bucket-allocator-granularity=16"
    "memorysetup-bucket-allocator-bucket-count=8"
    "memorysetup-bucket-allocator-block-size=33554432"
    "memorysetup-bucket-allocator-block-count=8"
    "memorysetup-main-allocator-block-size=16777216"
    "memorysetup-thread-allocator-block-size=16777216"
    "memorysetup-gfx-main-allocator-block-size=16777216"
    "memorysetup-gfx-thread-allocator-block-size=16777216"
    "memorysetup-cache-allocator-block-size=4194304"
    "memorysetup-typetree-allocator-block-size=2097152"
    "memorysetup-profiler-bucket-allocator-granularity=16"
    "memorysetup-profiler-bucket-allocator-bucket-count=8"
    "memorysetup-profiler-bucket-allocator-block-size=33554432"
    "memorysetup-profiler-bucket-allocator-block-count=8"
    "memorysetup-profiler-allocator-block-size=16777216"
    "memorysetup-profiler-editor-allocator-block-size=1048576"
    "memorysetup-temp-allocator-size-main=16777216"
    "memorysetup-job-temp-allocator-block-size=2097152"
    "memorysetup-job-temp-allocator-block-size-background=1048576"
    "memorysetup-job-temp-allocator-reduction-small-platforms=262144"
    "memorysetup-temp-allocator-size-background-worker=32768"
    "memorysetup-temp-allocator-size-job-worker=262144"
    "memorysetup-temp-allocator-size-preload-manager=33554432"
    "memorysetup-temp-allocator-size-nav-mesh-worker=65536"
    "memorysetup-temp-allocator-size-audio-worker=65536"
    "memorysetup-temp-allocator-size-cloud-worker=32768"
    "memorysetup-temp-allocator-size-gi-baking-worker=262144"
    "memorysetup-temp-allocator-size-gfx=262144"
Player connection [34572] Host "[IP] 172.30.208.1 [Port] 0 [Flags] 2 [Guid] 3904045740 [EditorId] 3904045740 [Version] 1048832 [Id] WindowsEditor(7,AMDumi) [Debug] 1 [PackageName] WindowsEditor [ProjectName] Editor" joined multi-casting on [225.0.0.222:54997]...

Player connection [34572] Host "[IP] 172.30.208.1 [Port] 0 [Flags] 2 [Guid] 3904045740 [EditorId] 3904045740 [Version] 1048832 [Id] WindowsEditor(7,AMDumi) [Debug] 1 [PackageName] WindowsEditor [ProjectName] Editor" joined alternative multi-casting on [225.0.0.222:34997]...

Refreshing native plugins compatible for Editor in 96.36 ms, found 3 plugins.
Preloading 0 native plugins for Editor in 0.00 ms.
Initialize engine version: 2021.3.26f1 (a16dc32e0ff2)
[Subsystems] Discovering subsystems at path C:/Program Files/Unity/Hub/Editor/2021.3.26f1/Editor/Data/Resources/UnitySubsystems
[Subsystems] Discovering subsystems at path C:/Users/dumit/OneDrive/Desktop/Projects/ECM2V.Pe4-URP/UNITY.ECM2V.Pe-URP/Assets
GfxDevice: creating device client; threaded=0; jobified=0
Direct3D:
    Version:  Direct3D 11.0 [level 11.1]
    Renderer: NVIDIA GeForce RTX 3070 Laptop GPU (ID=0x24dd)
    Vendor:   NVIDIA
    VRAM:     8033 MB
    Driver:   31.0.15.3203
Initialize mono
Mono path[0] = 'C:/Program Files/Unity/Hub/Editor/2021.3.26f1/Editor/Data/Managed'
Mono path[1] = 'C:/Program Files/Unity/Hub/Editor/2021.3.26f1/Editor/Data/MonoBleedingEdge/lib/mono/unityjit-win32'
Mono config path = 'C:/Program Files/Unity/Hub/Editor/2021.3.26f1/Editor/Data/MonoBleedingEdge/etc'
Using monoOptions --debugger-agent=transport=dt_socket,embedding=1,server=y,suspend=n,address=127.0.0.1:56624
Begin MonoManager ReloadAssembly
Registering precompiled unity dll's ...
Register platform support module: C:/Program Files/Unity/Hub/Editor/2021.3.26f1/Editor/Data/PlaybackEngines/WindowsStandaloneSupport/UnityEditor.WindowsStandalone.Extensions.dll
Registered in 0.006282 seconds.
Native extension for WindowsStandalone target not found
Refreshing native plugins compatible for Editor in 107.94 ms, found 3 plugins.
Preloading 0 native plugins for Editor in 0.00 ms.
Mono: successfully reloaded assembly
- Completed reload, in  0.820 seconds
Domain Reload Profiling:
	ReloadAssembly (820ms)
		BeginReloadAssembly (121ms)
			ExecutionOrderSort (0ms)
			DisableScriptedObjects (0ms)
			BackupInstance (0ms)
			ReleaseScriptingObjects (0ms)
			CreateAndSetChildDomain (1ms)
		EndReloadAssembly (574ms)
			LoadAssemblies (120ms)
			RebuildTransferFunctionScriptingTraits (0ms)
			SetupTypeCache (145ms)
			ReleaseScriptCaches (0ms)
			RebuildScriptCaches (29ms)
			SetupLoadedEditorAssemblies (345ms)
				LogAssemblyErrors (0ms)
				InitializePlatformSupportModulesInManaged (10ms)
				SetLoadedEditorAssemblies (0ms)
				RefreshPlugins (108ms)
				BeforeProcessingInitializeOnLoad (2ms)
				ProcessInitializeOnLoadAttributes (171ms)
				ProcessInitializeOnLoadMethodAttributes (54ms)
				AfterProcessingInitializeOnLoad (0ms)
				EditorAssembliesLoaded (0ms)
			ExecutionOrderSort2 (0ms)
			AwakeInstancesAfterBackupRestoration (0ms)
Platform modules already initialized, skipping
Registering precompiled user dll's ...
Registered in 0.008468 seconds.
Begin MonoManager ReloadAssembly
Symbol file LoadedFromMemory doesn't match image C:\Users\dumit\OneDrive\Desktop\Projects\ECM2V.Pe4-URP\UNITY.ECM2V.Pe-URP\Library\PackageCache\com.unity.visualscripting@1.8.0\Editor\VisualScripting.Core\Dependencies\YamlDotNet\Unity.VisualScripting.YamlDotNet.dll
Symbol file LoadedFromMemory doesn't match image C:\Users\dumit\OneDrive\Desktop\Projects\ECM2V.Pe4-URP\UNITY.ECM2V.Pe-URP\Library\PackageCache\com.unity.visualscripting@1.8.0\Editor\VisualScripting.Core\Dependencies\DotNetZip\Unity.VisualScripting.IonicZip.dll
Native extension for WindowsStandalone target not found
Refreshing native plugins compatible for Editor in 107.66 ms, found 3 plugins.
Preloading 0 native plugins for Editor in 0.00 ms.
Mono: successfully reloaded assembly
- Completed reload, in  1.417 seconds
Domain Reload Profiling:
	ReloadAssembly (1418ms)
		BeginReloadAssembly (120ms)
			ExecutionOrderSort (0ms)
			DisableScriptedObjects (7ms)
			BackupInstance (0ms)
			ReleaseScriptingObjects (0ms)
			CreateAndSetChildDomain (20ms)
		EndReloadAssembly (1183ms)
			LoadAssemblies (99ms)
			RebuildTransferFunctionScriptingTraits (0ms)
			SetupTypeCache (388ms)
			ReleaseScriptCaches (1ms)
			RebuildScriptCaches (64ms)
			SetupLoadedEditorAssemblies (586ms)
				LogAssemblyErrors (0ms)
				InitializePlatformSupportModulesInManaged (4ms)
				SetLoadedEditorAssemblies (0ms)
				RefreshPlugins (108ms)
				BeforeProcessingInitializeOnLoad (107ms)
				ProcessInitializeOnLoadAttributes (262ms)
				ProcessInitializeOnLoadMethodAttributes (96ms)
				AfterProcessingInitializeOnLoad (8ms)
				EditorAssembliesLoaded (0ms)
			ExecutionOrderSort2 (0ms)
			AwakeInstancesAfterBackupRestoration (8ms)
Platform modules already initialized, skipping
========================================================================
Worker process is ready to serve import requests
Launched and connected shader compiler UnityShaderCompiler.exe after 0.08 seconds
Refreshing native plugins compatible for Editor in 0.70 ms, found 3 plugins.
Preloading 0 native plugins for Editor in 0.00 ms.
Unloading 4720 Unused Serialized files (Serialized files now loaded: 0)
Unloading 31 unused Assets / (0.7 MB). Loaded Objects now: 5176.
Memory consumption went from 190.1 MB to 189.4 MB.
Total: 4.406100 ms (FindLiveObjects: 0.359000 ms CreateObjectMapping: 0.356500 ms MarkObjects: 3.164600 ms  DeleteObjects: 0.525000 ms)

AssetImportParameters requested are different than current active one (requested -> active):
  custom:video-decoder-ogg-theora: a1e56fd34408186e4bbccfd4996cb3dc -> 
  custom:container-muxer-webm: aa71ff27fc2769a1b78a27578f13a17b -> 
  custom:container-demuxer-webm: 4f35f7cbe854078d1ac9338744f61a02 -> 
  custom:video-encoder-webm-vp8: eb34c28f22e8b96e1ab97ce403110664 -> 
  custom:video-codec-MediaFoundation-h265: 746d11721c4dcdbdad8f713fa42b33f4 -> 
  custom:audio-encoder-webm-vorbis: bf7c407c2cedff20999df2af8eb42d56 -> 
  custom:framework-win-MediaFoundation: 216162199b28c13a410421893ffa2e32 -> 
  custom:container-demuxer-ogg: 62fdf1f143b41e24485cea50d1cbac27 -> 
  custom:video-decoder-webm-vp8: 9c59270c3fd7afecdb556c50c9e8de78 -> 
  custom:audio-decoder-ogg-vorbis: bf7c407c2cedff20999df2af8eb42d56 -> 
========================================================================
Received Import Request.
  Time since last request: 6160.419732 seconds.
  path: Assets/Prefabs/New Material.mat
  artifactKey: Guid(eea761abe19863347a4b5017d7ed0306) Importer(815301076,1909f56bfc062723c751e8b465ee728b)
Start importing Assets/Prefabs/New Material.mat using Guid(eea761abe19863347a4b5017d7ed0306) Importer(815301076,1909f56bfc062723c751e8b465ee728b)  -> (artifact id: 'df2838139487ee90ddad0327caaf729b') in 0.293736 seconds 
========================================================================
Received Import Request.
  Time since last request: 56.060539 seconds.
  path: Assets/3D Assets/bucket fixed again.fbx
  artifactKey: Guid(b3ec9bd3c4dba674fb846c87fe4afe36) Importer(815301076,1909f56bfc062723c751e8b465ee728b)
Start importing Assets/3D Assets/bucket fixed again.fbx using Guid(b3ec9bd3c4dba674fb846c87fe4afe36) Importer(815301076,1909f56bfc062723c751e8b465ee728b)  -> (artifact id: 'a994eca59951bdbd12bf8dfe8bb8fde9') in 0.055800 seconds 
========================================================================
Received Import Request.
  Time since last request: 0.000021 seconds.
  path: Assets/3D Assets/rock 1.fbx
  artifactKey: Guid(a7e42496497b27c4c9652f526c72b709) Importer(815301076,1909f56bfc062723c751e8b465ee728b)
Start importing Assets/3D Assets/rock 1.fbx using Guid(a7e42496497b27c4c9652f526c72b709) Importer(815301076,1909f56bfc062723c751e8b465ee728b)  -> (artifact id: 'c4dca8cd90d05290c8eeea4dbd9996f9') in 0.017904 seconds 
========================================================================
Received Import Request.
  Time since last request: 3.256893 seconds.
  path: Assets/3D Assets/materials
  artifactKey: Guid(93c75302ab5dd8e46b600094e6894adc) Importer(815301076,1909f56bfc062723c751e8b465ee728b)
Start importing Assets/3D Assets/materials using Guid(93c75302ab5dd8e46b600094e6894adc) Importer(815301076,1909f56bfc062723c751e8b465ee728b)  -> (artifact id: '28e9f142c9b7fa068b2f4893eca804c2') in 0.001410 seconds 
========================================================================
Received Import Request.
  Time since last request: 0.072680 seconds.
  path: Assets/3D Assets/materials/bucket_handle_BaseColor.png
  artifactKey: Guid(986902f3f8043f64e8000b0d0a26be62) Importer(815301076,1909f56bfc062723c751e8b465ee728b)
Start importing Assets/3D Assets/materials/bucket_handle_BaseColor.png using Guid(986902f3f8043f64e8000b0d0a26be62) Importer(815301076,1909f56bfc062723c751e8b465ee728b)  -> (artifact id: '30f3bba3f86f8d247a61283ae8f48ec9') in 0.040655 seconds 
========================================================================
Received Import Request.
  Time since last request: 0.000049 seconds.
  path: Assets/3D Assets/materials/rock 1_lambert1_BaseColor.png
  artifactKey: Guid(dbe421febd7966d4bbace210ccb4e1a6) Importer(815301076,1909f56bfc062723c751e8b465ee728b)
Start importing Assets/3D Assets/materials/rock 1_lambert1_BaseColor.png using Guid(dbe421febd7966d4bbace210ccb4e1a6) Importer(815301076,1909f56bfc062723c751e8b465ee728b)  -> (artifact id: '7124454e527cb82e2d94c57d5bb17cfd') in 0.008269 seconds 
========================================================================
Received Import Request.
  Time since last request: 0.000103 seconds.
  path: Assets/3D Assets/materials/pin tree_tree_BaseColor.png
  artifactKey: Guid(d93babd78a36bc84d91ac3e7ca5603a9) Importer(815301076,1909f56bfc062723c751e8b465ee728b)
Start importing Assets/3D Assets/materials/pin tree_tree_BaseColor.png using Guid(d93babd78a36bc84d91ac3e7ca5603a9) Importer(815301076,1909f56bfc062723c751e8b465ee728b)  -> (artifact id: 'daa6df4a19644d1dbad6fdc621d09b59') in 0.012228 seconds 
========================================================================
Received Import Request.
  Time since last request: 0.000034 seconds.
  path: Assets/3D Assets/materials/tree 2_lambert2_BaseColor 1.png
  artifactKey: Guid(59a783dc13e0ec041b7ba96b78fcaf78) Importer(815301076,1909f56bfc062723c751e8b465ee728b)
Start importing Assets/3D Assets/materials/tree 2_lambert2_BaseColor 1.png using Guid(59a783dc13e0ec041b7ba96b78fcaf78) Importer(815301076,1909f56bfc062723c751e8b465ee728b)  -> (artifact id: 'd0d65c23069d46b6cb5ce9327b770740') in 0.011074 seconds 
========================================================================
Received Import Request.
  Time since last request: 0.000032 seconds.
  path: Assets/3D Assets/materials/pin tree_lambert1_BaseColor.png
  artifactKey: Guid(29feb15365b7e4d49a15bd2b0fafabba) Importer(815301076,1909f56bfc062723c751e8b465ee728b)
Start importing Assets/3D Assets/materials/pin tree_lambert1_BaseColor.png using Guid(29feb15365b7e4d49a15bd2b0fafabba) Importer(815301076,1909f56bfc062723c751e8b465ee728b)  -> (artifact id: 'bc7717cc1d9c8696f30378916eecab31') in 0.009331 seconds 
========================================================================
Received Import Request.
  Time since last request: 0.000036 seconds.
  path: Assets/3D Assets/materials/New Material.mat
  artifactKey: Guid(937658ae316979f428062ea87d757c6e) Importer(815301076,1909f56bfc062723c751e8b465ee728b)
Start importing Assets/3D Assets/materials/New Material.mat using Guid(937658ae316979f428062ea87d757c6e) Importer(815301076,1909f56bfc062723c751e8b465ee728b)  -> (artifact id: '526a1d52cae3fbdd51d90708d14ab131') in 0.014995 seconds 
========================================================================
Received Import Request.
  Time since last request: 43.252890 seconds.
  path: Assets/materials/burned leafs.mat
  artifactKey: Guid(e817a6bd66e7943418c23adfbc8e18ef) Importer(815301076,1909f56bfc062723c751e8b465ee728b)
Start importing Assets/materials/burned leafs.mat using Guid(e817a6bd66e7943418c23adfbc8e18ef) Importer(815301076,1909f56bfc062723c751e8b465ee728b)  -> (artifact id: 'e35adeaf7f8cfb038ed41ac93015102c') in 0.014309 seconds 
========================================================================
Received Import Request.
  Time since last request: 0.000019 seconds.
  path: Assets/materials/tree 2.mat
  artifactKey: Guid(1b3209a62f86cb247abe14894110823c) Importer(815301076,1909f56bfc062723c751e8b465ee728b)
Start importing Assets/materials/tree 2.mat using Guid(1b3209a62f86cb247abe14894110823c) Importer(815301076,1909f56bfc062723c751e8b465ee728b)  -> (artifact id: 'b58c84a891659017d06265770b0a6abe') in 0.014605 seconds 
========================================================================
Received Import Request.
  Time since last request: 16.276668 seconds.
  path: Assets/Prefabs/Campfire Blueprint Material.mat
  artifactKey: Guid(3042dd01525fe40409d5a2f80bfd1600) Importer(815301076,1909f56bfc062723c751e8b465ee728b)
Start importing Assets/Prefabs/Campfire Blueprint Material.mat using Guid(3042dd01525fe40409d5a2f80bfd1600) Importer(815301076,1909f56bfc062723c751e8b465ee728b)  -> (artifact id: 'ebcb3534b9bbc36a38f19313cbae49f1') in 0.009915 seconds 
========================================================================
Received Import Request.
  Time since last request: 0.000026 seconds.
  path: Assets/Prefabs/tree 2 (2).prefab
  artifactKey: Guid(6b803d0a683a3f74ba6f9990a301d685) Importer(815301076,1909f56bfc062723c751e8b465ee728b)
Start importing Assets/Prefabs/tree 2 (2).prefab using Guid(6b803d0a683a3f74ba6f9990a301d685) Importer(815301076,1909f56bfc062723c751e8b465ee728b)  -> (artifact id: '3a93f921601f79cc85ff610e78e19473') in 0.018414 seconds 
========================================================================
Received Import Request.
  Time since last request: 0.000030 seconds.
  path: Assets/Prefabs/rock 1.prefab
  artifactKey: Guid(f55e9e252e4bd94448c943e85b42141f) Importer(815301076,1909f56bfc062723c751e8b465ee728b)
Start importing Assets/Prefabs/rock 1.prefab using Guid(f55e9e252e4bd94448c943e85b42141f) Importer(815301076,1909f56bfc062723c751e8b465ee728b)  -> (artifact id: 'd543f8457c7814f32db9f1feb1ae85ca') in 0.012384 seconds 
Editor requested this worker to shutdown with reason: Scaling down because of idle timeout
AssetImportWorker is now disconnected from the server
Process exiting
Exiting without the bug reporter. Application will terminate with return code 0